<?xml version="1.0" encoding="UTF-8"?>
<TestRun id="19953dbd-1f1f-4e6e-8eb4-546d9d0db652" name="Geoff@FURNACE 2012-05-27 18:24:23" runUser="Furnace\Geoff" xmlns="http://microsoft.com/schemas/VisualStudio/TeamTest/2010">
  <TestSettings name="Local" id="65fac57b-d0a1-498e-a59a-ad06f956ef96">
    <Description>These are default test settings for a local test run.</Description>
    <Deployment enabled="false" runDeploymentRoot="Geoff_FURNACE 2012-05-27 18_24_23">
      <DeploymentItem filename="Q:\code\TestBench1\TerrainEngine\bin\x86\Release\TerrainEngine.dll" />
    </Deployment>
    <Execution>
      <TestTypeSpecific />
      <AgentRule name="Execution Agents">
      </AgentRule>
    </Execution>
  </TestSettings>
  <Times creation="2012-05-27T18:24:23.2583218+12:00" queuing="2012-05-27T18:24:24.5081884+12:00" start="2012-05-27T18:24:24.6291954+12:00" finish="2012-05-27T18:24:25.6592130+12:00" />
  <ResultSummary outcome="Completed">
    <Counters total="1" executed="1" passed="1" error="0" failed="0" timeout="0" aborted="0" inconclusive="0" passedButRunAborted="0" notRunnable="0" notExecuted="0" disconnected="0" warning="0" completed="0" inProgress="0" pending="0" />
  </ResultSummary>
  <TestDefinitions>
    <UnitTest name="setdata_sets_data_from_a_larger_array_correctly" storage="q:\code\testbench1\terraintest\bin\release\terraintest.dll" id="fb696a3a-4444-d258-fa6d-87446bf9a082">
      <Execution id="b98d61a2-3a17-4f8b-b557-99c4e11f4ca2" />
      <TestMethod codeBase="Q:/code/TestBench1/TerrainTest/bin/Release/TerrainTest.DLL" adapterTypeName="Microsoft.VisualStudio.TestTools.TestTypes.Unit.UnitTestAdapter, Microsoft.VisualStudio.QualityTools.Tips.UnitTest.Adapter, Version=10.0.0.0, Culture=neutral, PublicKeyToken=b03f5f7f11d50a3a" className="TerrainTest.PatchTest, TerrainTest, Version=1.0.0.0, Culture=neutral, PublicKeyToken=null" name="setdata_sets_data_from_a_larger_array_correctly" />
    </UnitTest>
  </TestDefinitions>
  <TestLists>
    <TestList name="Results Not in a List" id="8c84fa94-04c1-424b-9868-57a2d4851a1d" />
    <TestList name="All Loaded Results" id="19431567-8539-422a-85d7-44ee4e166bda" />
  </TestLists>
  <TestEntries>
    <TestEntry testId="fb696a3a-4444-d258-fa6d-87446bf9a082" executionId="b98d61a2-3a17-4f8b-b557-99c4e11f4ca2" testListId="8c84fa94-04c1-424b-9868-57a2d4851a1d" />
  </TestEntries>
  <Results>
    <UnitTestResult executionId="b98d61a2-3a17-4f8b-b557-99c4e11f4ca2" testId="fb696a3a-4444-d258-fa6d-87446bf9a082" testName="setdata_sets_data_from_a_larger_array_correctly" computerName="FURNACE" duration="00:00:00.1061501" startTime="2012-05-27T18:24:24.6721978+12:00" endTime="2012-05-27T18:24:25.5632075+12:00" testType="13cdc9d9-ddb5-4fa4-a97d-d965ccfc6d4b" outcome="Passed" testListId="8c84fa94-04c1-424b-9868-57a2d4851a1d" relativeResultsDirectory="b98d61a2-3a17-4f8b-b557-99c4e11f4ca2">
    </UnitTestResult>
  </Results>
</TestRun>