<?xml version="1.0" encoding="UTF-8"?>
<TestRun id="4d3d754a-8585-4f85-b05c-0e9242eda47a" name="Geoff@FURNACE 2012-05-27 20:59:08" runUser="Furnace\Geoff" xmlns="http://microsoft.com/schemas/VisualStudio/TeamTest/2010">
  <TestSettings name="Local" id="65fac57b-d0a1-498e-a59a-ad06f956ef96">
    <Description>These are default test settings for a local test run.</Description>
    <Deployment enabled="false" runDeploymentRoot="Geoff_FURNACE 2012-05-27 20_59_08">
      <DeploymentItem filename="Q:\code\TestBench1\TerrainEngine\bin\x86\Release\TerrainEngine.dll" />
    </Deployment>
    <Execution>
      <TestTypeSpecific />
      <AgentRule name="Execution Agents">
      </AgentRule>
    </Execution>
  </TestSettings>
  <Times creation="2012-05-27T20:59:08.1738844+12:00" queuing="2012-05-27T20:59:09.0318859+12:00" start="2012-05-27T20:59:09.0942860+12:00" finish="2012-05-27T20:59:10.2018879+12:00" />
  <ResultSummary outcome="Completed">
    <Counters total="5" executed="5" passed="5" error="0" failed="0" timeout="0" aborted="0" inconclusive="0" passedButRunAborted="0" notRunnable="0" notExecuted="0" disconnected="0" warning="0" completed="0" inProgress="0" pending="0" />
  </ResultSummary>
  <TestDefinitions>
    <UnitTest name="setdata_sets_texcoords_correctly_for_offset_patch" storage="q:\code\testbench1\terraintest\bin\release\terraintest.dll" id="6d2083c5-12f9-c6c1-9a4c-12ec6f0c890c">
      <Execution id="9dffb6a3-5f66-4827-9076-e2984a1aee81" />
      <TestMethod codeBase="Q:/code/TestBench1/TerrainTest/bin/Release/TerrainTest.DLL" adapterTypeName="Microsoft.VisualStudio.TestTools.TestTypes.Unit.UnitTestAdapter, Microsoft.VisualStudio.QualityTools.Tips.UnitTest.Adapter, Version=10.0.0.0, Culture=neutral, PublicKeyToken=b03f5f7f11d50a3a" className="TerrainTest.PatchTest, TerrainTest, Version=1.0.0.0, Culture=neutral, PublicKeyToken=null" name="setdata_sets_texcoords_correctly_for_offset_patch" />
    </UnitTest>
    <UnitTest name="setupindices_works" storage="q:\code\testbench1\terraintest\bin\release\terraintest.dll" id="68c993ac-62da-7549-0175-4f5cfe7b2e92">
      <Execution id="2a7e790c-fb02-4ecc-8320-7cacff021008" />
      <TestMethod codeBase="Q:/code/TestBench1/TerrainTest/bin/Release/TerrainTest.DLL" adapterTypeName="Microsoft.VisualStudio.TestTools.TestTypes.Unit.UnitTestAdapter, Microsoft.VisualStudio.QualityTools.Tips.UnitTest.Adapter, Version=10.0.0.0, Culture=neutral, PublicKeyToken=b03f5f7f11d50a3a" className="TerrainTest.PatchTest, TerrainTest, Version=1.0.0.0, Culture=neutral, PublicKeyToken=null" name="setupindices_works" />
    </UnitTest>
    <UnitTest name="setdata_sets_texcoords_correctly_for_top_left_patch" storage="q:\code\testbench1\terraintest\bin\release\terraintest.dll" id="a1bf9ddb-d054-8ed3-b9ea-68c7bd2ba663">
      <Execution id="fb4097f0-2da7-4241-998d-8f0dac63b56c" />
      <TestMethod codeBase="Q:/code/TestBench1/TerrainTest/bin/Release/TerrainTest.DLL" adapterTypeName="Microsoft.VisualStudio.TestTools.TestTypes.Unit.UnitTestAdapter, Microsoft.VisualStudio.QualityTools.Tips.UnitTest.Adapter, Version=10.0.0.0, Culture=neutral, PublicKeyToken=b03f5f7f11d50a3a" className="TerrainTest.PatchTest, TerrainTest, Version=1.0.0.0, Culture=neutral, PublicKeyToken=null" name="setdata_sets_texcoords_correctly_for_top_left_patch" />
    </UnitTest>
    <UnitTest name="setdata_sets_data_from_the_bottom_right_of_a_larger_array" storage="q:\code\testbench1\terraintest\bin\release\terraintest.dll" id="0c13a24b-5bf6-482a-824b-34da575d93dd">
      <Execution id="2f890ea1-4500-4e29-b097-6b6c78e55510" />
      <TestMethod codeBase="Q:/code/TestBench1/TerrainTest/bin/Release/TerrainTest.DLL" adapterTypeName="Microsoft.VisualStudio.TestTools.TestTypes.Unit.UnitTestAdapter, Microsoft.VisualStudio.QualityTools.Tips.UnitTest.Adapter, Version=10.0.0.0, Culture=neutral, PublicKeyToken=b03f5f7f11d50a3a" className="TerrainTest.PatchTest, TerrainTest, Version=1.0.0.0, Culture=neutral, PublicKeyToken=null" name="setdata_sets_data_from_the_bottom_right_of_a_larger_array" />
    </UnitTest>
    <UnitTest name="setdata_sets_data_from_the_top_left_of_a_larger_array" storage="q:\code\testbench1\terraintest\bin\release\terraintest.dll" id="02ae13ab-f2ea-c853-c985-31229f4c98b6">
      <Execution id="93e90050-3b6f-44d0-87b1-daf4e49c4318" />
      <TestMethod codeBase="Q:/code/TestBench1/TerrainTest/bin/Release/TerrainTest.DLL" adapterTypeName="Microsoft.VisualStudio.TestTools.TestTypes.Unit.UnitTestAdapter, Microsoft.VisualStudio.QualityTools.Tips.UnitTest.Adapter, Version=10.0.0.0, Culture=neutral, PublicKeyToken=b03f5f7f11d50a3a" className="TerrainTest.PatchTest, TerrainTest, Version=1.0.0.0, Culture=neutral, PublicKeyToken=null" name="setdata_sets_data_from_the_top_left_of_a_larger_array" />
    </UnitTest>
  </TestDefinitions>
  <TestLists>
    <TestList name="Results Not in a List" id="8c84fa94-04c1-424b-9868-57a2d4851a1d" />
    <TestList name="All Loaded Results" id="19431567-8539-422a-85d7-44ee4e166bda" />
  </TestLists>
  <TestEntries>
    <TestEntry testId="02ae13ab-f2ea-c853-c985-31229f4c98b6" executionId="93e90050-3b6f-44d0-87b1-daf4e49c4318" testListId="8c84fa94-04c1-424b-9868-57a2d4851a1d" />
    <TestEntry testId="0c13a24b-5bf6-482a-824b-34da575d93dd" executionId="2f890ea1-4500-4e29-b097-6b6c78e55510" testListId="8c84fa94-04c1-424b-9868-57a2d4851a1d" />
    <TestEntry testId="68c993ac-62da-7549-0175-4f5cfe7b2e92" executionId="2a7e790c-fb02-4ecc-8320-7cacff021008" testListId="8c84fa94-04c1-424b-9868-57a2d4851a1d" />
    <TestEntry testId="6d2083c5-12f9-c6c1-9a4c-12ec6f0c890c" executionId="9dffb6a3-5f66-4827-9076-e2984a1aee81" testListId="8c84fa94-04c1-424b-9868-57a2d4851a1d" />
    <TestEntry testId="a1bf9ddb-d054-8ed3-b9ea-68c7bd2ba663" executionId="fb4097f0-2da7-4241-998d-8f0dac63b56c" testListId="8c84fa94-04c1-424b-9868-57a2d4851a1d" />
  </TestEntries>
  <Results>
    <UnitTestResult executionId="93e90050-3b6f-44d0-87b1-daf4e49c4318" testId="02ae13ab-f2ea-c853-c985-31229f4c98b6" testName="setdata_sets_data_from_the_top_left_of_a_larger_array" computerName="FURNACE" duration="00:00:00.1308510" startTime="2012-05-27T20:59:09.1410861+12:00" endTime="2012-05-27T20:59:10.0458877+12:00" testType="13cdc9d9-ddb5-4fa4-a97d-d965ccfc6d4b" outcome="Passed" testListId="8c84fa94-04c1-424b-9868-57a2d4851a1d" relativeResultsDirectory="93e90050-3b6f-44d0-87b1-daf4e49c4318">
    </UnitTestResult>
    <UnitTestResult executionId="2f890ea1-4500-4e29-b097-6b6c78e55510" testId="0c13a24b-5bf6-482a-824b-34da575d93dd" testName="setdata_sets_data_from_the_bottom_right_of_a_larger_array" computerName="FURNACE" duration="00:00:00.0007774" startTime="2012-05-27T20:59:10.0614877+12:00" endTime="2012-05-27T20:59:10.0770877+12:00" testType="13cdc9d9-ddb5-4fa4-a97d-d965ccfc6d4b" outcome="Passed" testListId="8c84fa94-04c1-424b-9868-57a2d4851a1d" relativeResultsDirectory="2f890ea1-4500-4e29-b097-6b6c78e55510">
    </UnitTestResult>
    <UnitTestResult executionId="2a7e790c-fb02-4ecc-8320-7cacff021008" testId="68c993ac-62da-7549-0175-4f5cfe7b2e92" testName="setupindices_works" computerName="FURNACE" duration="00:00:00.0014276" startTime="2012-05-27T20:59:10.0770877+12:00" endTime="2012-05-27T20:59:10.0926877+12:00" testType="13cdc9d9-ddb5-4fa4-a97d-d965ccfc6d4b" outcome="Passed" testListId="8c84fa94-04c1-424b-9868-57a2d4851a1d" relativeResultsDirectory="2a7e790c-fb02-4ecc-8320-7cacff021008">
    </UnitTestResult>
    <UnitTestResult executionId="9dffb6a3-5f66-4827-9076-e2984a1aee81" testId="6d2083c5-12f9-c6c1-9a4c-12ec6f0c890c" testName="setdata_sets_texcoords_correctly_for_offset_patch" computerName="FURNACE" duration="00:00:00.0004464" startTime="2012-05-27T20:59:10.1082878+12:00" endTime="2012-05-27T20:59:10.1082878+12:00" testType="13cdc9d9-ddb5-4fa4-a97d-d965ccfc6d4b" outcome="Passed" testListId="8c84fa94-04c1-424b-9868-57a2d4851a1d" relativeResultsDirectory="9dffb6a3-5f66-4827-9076-e2984a1aee81">
    </UnitTestResult>
    <UnitTestResult executionId="fb4097f0-2da7-4241-998d-8f0dac63b56c" testId="a1bf9ddb-d054-8ed3-b9ea-68c7bd2ba663" testName="setdata_sets_texcoords_correctly_for_top_left_patch" computerName="FURNACE" duration="00:00:00.0004195" startTime="2012-05-27T20:59:10.1238878+12:00" endTime="2012-05-27T20:59:10.1238878+12:00" testType="13cdc9d9-ddb5-4fa4-a97d-d965ccfc6d4b" outcome="Passed" testListId="8c84fa94-04c1-424b-9868-57a2d4851a1d" relativeResultsDirectory="fb4097f0-2da7-4241-998d-8f0dac63b56c">
    </UnitTestResult>
  </Results>
</TestRun>