<?xml version="1.0" encoding="UTF-8"?>
<TestRun id="101e2184-7ef1-481d-a20e-71a23152191c" name="Geoff@FURNACE 2012-05-27 20:58:47" runUser="Furnace\Geoff" xmlns="http://microsoft.com/schemas/VisualStudio/TeamTest/2010">
  <TestSettings name="Local" id="65fac57b-d0a1-498e-a59a-ad06f956ef96">
    <Description>These are default test settings for a local test run.</Description>
    <Deployment enabled="false" runDeploymentRoot="Geoff_FURNACE 2012-05-27 20_58_47">
      <DeploymentItem filename="Q:\code\TestBench1\TerrainEngine\bin\x86\Release\TerrainEngine.dll" />
    </Deployment>
    <Execution>
      <TestTypeSpecific />
      <AgentRule name="Execution Agents">
      </AgentRule>
    </Execution>
  </TestSettings>
  <Times creation="2012-05-27T20:58:47.2576881+12:00" queuing="2012-05-27T20:58:48.1697402+12:00" start="2012-05-27T20:58:48.2387442+12:00" finish="2012-05-27T20:59:02.5135606+12:00" />
  <ResultSummary outcome="Error">
    <Counters total="5" executed="3" passed="2" error="0" failed="0" timeout="0" aborted="1" inconclusive="0" passedButRunAborted="0" notRunnable="0" notExecuted="2" disconnected="0" warning="0" completed="0" inProgress="0" pending="0" />
    <RunInfos>
      <RunInfo computerName="FURNACE" outcome="Error" timestamp="2012-05-27T20:59:02.5115605+12:00">
        <Text>Test host process exited unexpectedly.</Text>
      </RunInfo>
    </RunInfos>
  </ResultSummary>
  <TestDefinitions>
    <UnitTest name="setdata_sets_texcoords_correctly_for_offset_patch" storage="q:\code\testbench1\terraintest\bin\release\terraintest.dll" id="6d2083c5-12f9-c6c1-9a4c-12ec6f0c890c">
      <Execution id="dda8e2d6-057b-4e32-bafa-048bab6c4981" />
      <TestMethod codeBase="Q:/code/TestBench1/TerrainTest/bin/Release/TerrainTest.DLL" adapterTypeName="Microsoft.VisualStudio.TestTools.TestTypes.Unit.UnitTestAdapter, Microsoft.VisualStudio.QualityTools.Tips.UnitTest.Adapter, Version=10.0.0.0, Culture=neutral, PublicKeyToken=b03f5f7f11d50a3a" className="TerrainTest.PatchTest, TerrainTest, Version=1.0.0.0, Culture=neutral, PublicKeyToken=null" name="setdata_sets_texcoords_correctly_for_offset_patch" />
    </UnitTest>
    <UnitTest name="setupindices_works" storage="q:\code\testbench1\terraintest\bin\release\terraintest.dll" id="68c993ac-62da-7549-0175-4f5cfe7b2e92">
      <Execution id="b110b74c-72ab-4059-9bdd-9241182397ce" />
      <TestMethod codeBase="Q:/code/TestBench1/TerrainTest/bin/Release/TerrainTest.DLL" adapterTypeName="Microsoft.VisualStudio.TestTools.TestTypes.Unit.UnitTestAdapter, Microsoft.VisualStudio.QualityTools.Tips.UnitTest.Adapter, Version=10.0.0.0, Culture=neutral, PublicKeyToken=b03f5f7f11d50a3a" className="TerrainTest.PatchTest, TerrainTest, Version=1.0.0.0, Culture=neutral, PublicKeyToken=null" name="setupindices_works" />
    </UnitTest>
    <UnitTest name="setdata_sets_texcoords_correctly_for_top_left_patch" storage="q:\code\testbench1\terraintest\bin\release\terraintest.dll" id="a1bf9ddb-d054-8ed3-b9ea-68c7bd2ba663">
      <Execution id="de4b44ec-2126-44b7-8b80-8d112223a72f" />
      <TestMethod codeBase="Q:/code/TestBench1/TerrainTest/bin/Release/TerrainTest.DLL" adapterTypeName="Microsoft.VisualStudio.TestTools.TestTypes.Unit.UnitTestAdapter, Microsoft.VisualStudio.QualityTools.Tips.UnitTest.Adapter, Version=10.0.0.0, Culture=neutral, PublicKeyToken=b03f5f7f11d50a3a" className="TerrainTest.PatchTest, TerrainTest, Version=1.0.0.0, Culture=neutral, PublicKeyToken=null" name="setdata_sets_texcoords_correctly_for_top_left_patch" />
    </UnitTest>
    <UnitTest name="setdata_sets_data_from_the_bottom_right_of_a_larger_array" storage="q:\code\testbench1\terraintest\bin\release\terraintest.dll" id="0c13a24b-5bf6-482a-824b-34da575d93dd">
      <Execution id="72ee1355-6e35-44d6-9a5e-7a419d0cdfe8" />
      <TestMethod codeBase="Q:/code/TestBench1/TerrainTest/bin/Release/TerrainTest.DLL" adapterTypeName="Microsoft.VisualStudio.TestTools.TestTypes.Unit.UnitTestAdapter, Microsoft.VisualStudio.QualityTools.Tips.UnitTest.Adapter, Version=10.0.0.0, Culture=neutral, PublicKeyToken=b03f5f7f11d50a3a" className="TerrainTest.PatchTest, TerrainTest, Version=1.0.0.0, Culture=neutral, PublicKeyToken=null" name="setdata_sets_data_from_the_bottom_right_of_a_larger_array" />
    </UnitTest>
    <UnitTest name="setdata_sets_data_from_the_top_left_of_a_larger_array" storage="q:\code\testbench1\terraintest\bin\release\terraintest.dll" id="02ae13ab-f2ea-c853-c985-31229f4c98b6">
      <Execution id="ee2acde7-b2ec-4b12-810d-b17208943b86" />
      <TestMethod codeBase="Q:/code/TestBench1/TerrainTest/bin/Release/TerrainTest.DLL" adapterTypeName="Microsoft.VisualStudio.TestTools.TestTypes.Unit.UnitTestAdapter, Microsoft.VisualStudio.QualityTools.Tips.UnitTest.Adapter, Version=10.0.0.0, Culture=neutral, PublicKeyToken=b03f5f7f11d50a3a" className="TerrainTest.PatchTest, TerrainTest, Version=1.0.0.0, Culture=neutral, PublicKeyToken=null" name="setdata_sets_data_from_the_top_left_of_a_larger_array" />
    </UnitTest>
  </TestDefinitions>
  <TestLists>
    <TestList name="Results Not in a List" id="8c84fa94-04c1-424b-9868-57a2d4851a1d" />
    <TestList name="All Loaded Results" id="19431567-8539-422a-85d7-44ee4e166bda" />
  </TestLists>
  <TestEntries>
    <TestEntry testId="02ae13ab-f2ea-c853-c985-31229f4c98b6" executionId="ee2acde7-b2ec-4b12-810d-b17208943b86" testListId="8c84fa94-04c1-424b-9868-57a2d4851a1d" />
    <TestEntry testId="0c13a24b-5bf6-482a-824b-34da575d93dd" executionId="72ee1355-6e35-44d6-9a5e-7a419d0cdfe8" testListId="8c84fa94-04c1-424b-9868-57a2d4851a1d" />
    <TestEntry testId="68c993ac-62da-7549-0175-4f5cfe7b2e92" executionId="b110b74c-72ab-4059-9bdd-9241182397ce" testListId="8c84fa94-04c1-424b-9868-57a2d4851a1d" />
    <TestEntry testId="6d2083c5-12f9-c6c1-9a4c-12ec6f0c890c" executionId="dda8e2d6-057b-4e32-bafa-048bab6c4981" testListId="8c84fa94-04c1-424b-9868-57a2d4851a1d" />
    <TestEntry testId="a1bf9ddb-d054-8ed3-b9ea-68c7bd2ba663" executionId="de4b44ec-2126-44b7-8b80-8d112223a72f" testListId="8c84fa94-04c1-424b-9868-57a2d4851a1d" />
  </TestEntries>
  <Results>
    <UnitTestResult executionId="ee2acde7-b2ec-4b12-810d-b17208943b86" testId="02ae13ab-f2ea-c853-c985-31229f4c98b6" testName="setdata_sets_data_from_the_top_left_of_a_larger_array" computerName="FURNACE" duration="00:00:00.1331279" startTime="2012-05-27T20:58:48.2847468+12:00" endTime="2012-05-27T20:58:49.1987991+12:00" testType="13cdc9d9-ddb5-4fa4-a97d-d965ccfc6d4b" outcome="Passed" testListId="8c84fa94-04c1-424b-9868-57a2d4851a1d" relativeResultsDirectory="ee2acde7-b2ec-4b12-810d-b17208943b86">
    </UnitTestResult>
    <UnitTestResult executionId="72ee1355-6e35-44d6-9a5e-7a419d0cdfe8" testId="0c13a24b-5bf6-482a-824b-34da575d93dd" testName="setdata_sets_data_from_the_bottom_right_of_a_larger_array" computerName="FURNACE" duration="00:00:00.0008146" startTime="2012-05-27T20:58:49.2097997+12:00" endTime="2012-05-27T20:58:49.2198003+12:00" testType="13cdc9d9-ddb5-4fa4-a97d-d965ccfc6d4b" outcome="Passed" testListId="8c84fa94-04c1-424b-9868-57a2d4851a1d" relativeResultsDirectory="72ee1355-6e35-44d6-9a5e-7a419d0cdfe8">
    </UnitTestResult>
    <UnitTestResult executionId="b110b74c-72ab-4059-9bdd-9241182397ce" testId="68c993ac-62da-7549-0175-4f5cfe7b2e92" testName="setupindices_works" computerName="FURNACE" duration="00:00:13.2677589" startTime="2012-05-27T20:58:49.2448017+12:00" endTime="2012-05-27T20:59:02.5125606+12:00" testType="13cdc9d9-ddb5-4fa4-a97d-d965ccfc6d4b" outcome="Aborted" testListId="8c84fa94-04c1-424b-9868-57a2d4851a1d" relativeResultsDirectory="b110b74c-72ab-4059-9bdd-9241182397ce">
    </UnitTestResult>
    <UnitTestResult executionId="dda8e2d6-057b-4e32-bafa-048bab6c4981" testId="6d2083c5-12f9-c6c1-9a4c-12ec6f0c890c" testName="setdata_sets_texcoords_correctly_for_offset_patch" computerName="FURNACE" testType="13cdc9d9-ddb5-4fa4-a97d-d965ccfc6d4b" outcome="NotExecuted" testListId="8c84fa94-04c1-424b-9868-57a2d4851a1d" relativeResultsDirectory="dda8e2d6-057b-4e32-bafa-048bab6c4981">
    </UnitTestResult>
    <UnitTestResult executionId="de4b44ec-2126-44b7-8b80-8d112223a72f" testId="a1bf9ddb-d054-8ed3-b9ea-68c7bd2ba663" testName="setdata_sets_texcoords_correctly_for_top_left_patch" computerName="FURNACE" testType="13cdc9d9-ddb5-4fa4-a97d-d965ccfc6d4b" outcome="NotExecuted" testListId="8c84fa94-04c1-424b-9868-57a2d4851a1d" relativeResultsDirectory="de4b44ec-2126-44b7-8b80-8d112223a72f">
    </UnitTestResult>
  </Results>
</TestRun>