<?xml version="1.0" encoding="UTF-8"?>
<TestRun id="e876c176-6e73-48ae-b96e-2a35060d732f" name="Geoff@FURNACE 2012-05-27 18:50:52" runUser="Furnace\Geoff" xmlns="http://microsoft.com/schemas/VisualStudio/TeamTest/2010">
  <TestSettings name="Local" id="65fac57b-d0a1-498e-a59a-ad06f956ef96">
    <Description>These are default test settings for a local test run.</Description>
    <Deployment enabled="false" runDeploymentRoot="Geoff_FURNACE 2012-05-27 18_50_52">
      <DeploymentItem filename="Q:\code\TestBench1\TerrainEngine\bin\x86\Release\TerrainEngine.dll" />
    </Deployment>
    <Execution>
      <TestTypeSpecific />
      <AgentRule name="Execution Agents">
      </AgentRule>
    </Execution>
  </TestSettings>
  <Times creation="2012-05-27T18:50:52.9276623+12:00" queuing="2012-05-27T18:50:54.0237250+12:00" start="2012-05-27T18:50:54.0837285+12:00" finish="2012-05-27T18:51:02.1621905+12:00" />
  <ResultSummary outcome="Error">
    <Counters total="4" executed="3" passed="2" error="0" failed="0" timeout="0" aborted="1" inconclusive="0" passedButRunAborted="0" notRunnable="0" notExecuted="1" disconnected="0" warning="0" completed="0" inProgress="0" pending="0" />
    <RunInfos>
      <RunInfo computerName="FURNACE" outcome="Error" timestamp="2012-05-27T18:51:02.1601904+12:00">
        <Text>Test host process exited unexpectedly.</Text>
      </RunInfo>
    </RunInfos>
  </ResultSummary>
  <TestDefinitions>
    <UnitTest name="setdata_sets_texcoords_correctly_for_offset_patch" storage="q:\code\testbench1\terraintest\bin\release\terraintest.dll" id="6d2083c5-12f9-c6c1-9a4c-12ec6f0c890c">
      <Execution id="ced7ceb7-bdf3-46e0-bb83-20ab6ef5fdc6" />
      <TestMethod codeBase="Q:/code/TestBench1/TerrainTest/bin/Release/TerrainTest.DLL" adapterTypeName="Microsoft.VisualStudio.TestTools.TestTypes.Unit.UnitTestAdapter, Microsoft.VisualStudio.QualityTools.Tips.UnitTest.Adapter, Version=10.0.0.0, Culture=neutral, PublicKeyToken=b03f5f7f11d50a3a" className="TerrainTest.PatchTest, TerrainTest, Version=1.0.0.0, Culture=neutral, PublicKeyToken=null" name="setdata_sets_texcoords_correctly_for_offset_patch" />
    </UnitTest>
    <UnitTest name="setdata_sets_texcoords_correctly_for_top_left_patch" storage="q:\code\testbench1\terraintest\bin\release\terraintest.dll" id="a1bf9ddb-d054-8ed3-b9ea-68c7bd2ba663">
      <Execution id="597ec0f8-9e7e-45e5-bb63-070dede4e56e" />
      <TestMethod codeBase="Q:/code/TestBench1/TerrainTest/bin/Release/TerrainTest.DLL" adapterTypeName="Microsoft.VisualStudio.TestTools.TestTypes.Unit.UnitTestAdapter, Microsoft.VisualStudio.QualityTools.Tips.UnitTest.Adapter, Version=10.0.0.0, Culture=neutral, PublicKeyToken=b03f5f7f11d50a3a" className="TerrainTest.PatchTest, TerrainTest, Version=1.0.0.0, Culture=neutral, PublicKeyToken=null" name="setdata_sets_texcoords_correctly_for_top_left_patch" />
    </UnitTest>
    <UnitTest name="setdata_sets_data_from_the_bottom_right_of_a_larger_array" storage="q:\code\testbench1\terraintest\bin\release\terraintest.dll" id="0c13a24b-5bf6-482a-824b-34da575d93dd">
      <Execution id="b57581cf-df13-444f-9d71-9ce15be31066" />
      <TestMethod codeBase="Q:/code/TestBench1/TerrainTest/bin/Release/TerrainTest.DLL" adapterTypeName="Microsoft.VisualStudio.TestTools.TestTypes.Unit.UnitTestAdapter, Microsoft.VisualStudio.QualityTools.Tips.UnitTest.Adapter, Version=10.0.0.0, Culture=neutral, PublicKeyToken=b03f5f7f11d50a3a" className="TerrainTest.PatchTest, TerrainTest, Version=1.0.0.0, Culture=neutral, PublicKeyToken=null" name="setdata_sets_data_from_the_bottom_right_of_a_larger_array" />
    </UnitTest>
    <UnitTest name="setdata_sets_data_from_the_top_left_of_a_larger_array" storage="q:\code\testbench1\terraintest\bin\release\terraintest.dll" id="02ae13ab-f2ea-c853-c985-31229f4c98b6">
      <Execution id="a67fd6dc-d925-43d8-a71a-e61512bb7bcd" />
      <TestMethod codeBase="Q:/code/TestBench1/TerrainTest/bin/Release/TerrainTest.DLL" adapterTypeName="Microsoft.VisualStudio.TestTools.TestTypes.Unit.UnitTestAdapter, Microsoft.VisualStudio.QualityTools.Tips.UnitTest.Adapter, Version=10.0.0.0, Culture=neutral, PublicKeyToken=b03f5f7f11d50a3a" className="TerrainTest.PatchTest, TerrainTest, Version=1.0.0.0, Culture=neutral, PublicKeyToken=null" name="setdata_sets_data_from_the_top_left_of_a_larger_array" />
    </UnitTest>
  </TestDefinitions>
  <TestLists>
    <TestList name="Results Not in a List" id="8c84fa94-04c1-424b-9868-57a2d4851a1d" />
    <TestList name="All Loaded Results" id="19431567-8539-422a-85d7-44ee4e166bda" />
  </TestLists>
  <TestEntries>
    <TestEntry testId="02ae13ab-f2ea-c853-c985-31229f4c98b6" executionId="a67fd6dc-d925-43d8-a71a-e61512bb7bcd" testListId="8c84fa94-04c1-424b-9868-57a2d4851a1d" />
    <TestEntry testId="0c13a24b-5bf6-482a-824b-34da575d93dd" executionId="b57581cf-df13-444f-9d71-9ce15be31066" testListId="8c84fa94-04c1-424b-9868-57a2d4851a1d" />
    <TestEntry testId="6d2083c5-12f9-c6c1-9a4c-12ec6f0c890c" executionId="ced7ceb7-bdf3-46e0-bb83-20ab6ef5fdc6" testListId="8c84fa94-04c1-424b-9868-57a2d4851a1d" />
    <TestEntry testId="a1bf9ddb-d054-8ed3-b9ea-68c7bd2ba663" executionId="597ec0f8-9e7e-45e5-bb63-070dede4e56e" testListId="8c84fa94-04c1-424b-9868-57a2d4851a1d" />
  </TestEntries>
  <Results>
    <UnitTestResult executionId="a67fd6dc-d925-43d8-a71a-e61512bb7bcd" testId="02ae13ab-f2ea-c853-c985-31229f4c98b6" testName="setdata_sets_data_from_the_top_left_of_a_larger_array" computerName="FURNACE" duration="00:00:00.1380931" startTime="2012-05-27T18:50:54.1597328+12:00" endTime="2012-05-27T18:50:55.1367887+12:00" testType="13cdc9d9-ddb5-4fa4-a97d-d965ccfc6d4b" outcome="Passed" testListId="8c84fa94-04c1-424b-9868-57a2d4851a1d" relativeResultsDirectory="a67fd6dc-d925-43d8-a71a-e61512bb7bcd">
    </UnitTestResult>
    <UnitTestResult executionId="b57581cf-df13-444f-9d71-9ce15be31066" testId="0c13a24b-5bf6-482a-824b-34da575d93dd" testName="setdata_sets_data_from_the_bottom_right_of_a_larger_array" computerName="FURNACE" duration="00:00:00.0008146" startTime="2012-05-27T18:50:55.1497894+12:00" endTime="2012-05-27T18:50:55.1617901+12:00" testType="13cdc9d9-ddb5-4fa4-a97d-d965ccfc6d4b" outcome="Passed" testListId="8c84fa94-04c1-424b-9868-57a2d4851a1d" relativeResultsDirectory="b57581cf-df13-444f-9d71-9ce15be31066">
    </UnitTestResult>
    <UnitTestResult executionId="ced7ceb7-bdf3-46e0-bb83-20ab6ef5fdc6" testId="6d2083c5-12f9-c6c1-9a4c-12ec6f0c890c" testName="setdata_sets_texcoords_correctly_for_offset_patch" computerName="FURNACE" duration="00:00:06.9893998" startTime="2012-05-27T18:50:55.1717907+12:00" endTime="2012-05-27T18:51:02.1611905+12:00" testType="13cdc9d9-ddb5-4fa4-a97d-d965ccfc6d4b" outcome="Aborted" testListId="8c84fa94-04c1-424b-9868-57a2d4851a1d" relativeResultsDirectory="ced7ceb7-bdf3-46e0-bb83-20ab6ef5fdc6">
    </UnitTestResult>
    <UnitTestResult executionId="597ec0f8-9e7e-45e5-bb63-070dede4e56e" testId="a1bf9ddb-d054-8ed3-b9ea-68c7bd2ba663" testName="setdata_sets_texcoords_correctly_for_top_left_patch" computerName="FURNACE" testType="13cdc9d9-ddb5-4fa4-a97d-d965ccfc6d4b" outcome="NotExecuted" testListId="8c84fa94-04c1-424b-9868-57a2d4851a1d" relativeResultsDirectory="597ec0f8-9e7e-45e5-bb63-070dede4e56e">
    </UnitTestResult>
  </Results>
</TestRun>